<?xml version="1.0" encoding="UTF-8"?>
<!-- Generated by org.testng.reporters.JUnitReportReporter -->
<testsuite hostname="DESKTOP-HS107DD" failures="0" tests="3" name="Unifyed.Unifyed_Engage.LoginLogoutTest" time="68.682" errors="0" timestamp="2025-04-07T11:10:15 IST" skipped="2">
  <testcase classname="Unifyed.Unifyed_Engage.LoginLogoutTest" name="LoginLogoutMethod" time="10.221">
    <skipped/>
  </testcase> <!-- LoginLogoutMethod -->
  <testcase classname="Unifyed.Unifyed_Engage.LoginLogoutTest" name="LoginLogoutMethod" time="10.062">
    <skipped/>
  </testcase> <!-- LoginLogoutMethod -->
  <testcase classname="Unifyed.Unifyed_Engage.LoginLogoutTest" name="LoginLogoutMethod" time="48.399"/>
</testsuite> <!-- Unifyed.Unifyed_Engage.LoginLogoutTest -->
