<?xml version="1.0" encoding="UTF-8"?>
<!-- Generated by org.testng.reporters.JUnitReportReporter -->
<testsuite hostname="Laptop-2991" failures="0" tests="3" name="Unifyed.Unifyed_Engage.Category_Test" time="73.953" errors="0" timestamp="2025-03-07T16:19:16 IST" skipped="0">
  <testcase classname="Unifyed.Unifyed_Engage.Category_Test" name="categoryCreate" time="51.638"/>
  <system-out/>
  <testcase classname="Unifyed.Unifyed_Engage.Category_Test" name="categoryEdit" time="17.396"/>
  <system-out/>
  <testcase classname="Unifyed.Unifyed_Engage.Category_Test" name="categoryDelete" time="4.919"/>
  <system-out/>
</testsuite> <!-- Unifyed.Unifyed_Engage.Category_Test -->
