<?xml version="1.0" encoding="UTF-8"?>
<!-- Generated by org.testng.reporters.JUnitReportReporter -->
<testsuite hostname="Laptop-2991" failures="0" tests="3" name="Unifyed.Unifyed_Engage.Category_Test" time="90.675" errors="0" timestamp="2023-11-08T08:58:32 EST" skipped="0">
  <testcase classname="Unifyed.Unifyed_Engage.Category_Test" name="categoryCreate" time="68.383"/>
  <system-out/>
  <testcase classname="Unifyed.Unifyed_Engage.Category_Test" name="categoryEdit" time="17.743"/>
  <system-out/>
  <testcase classname="Unifyed.Unifyed_Engage.Category_Test" name="categoryDelete" time="4.549"/>
  <system-out/>
</testsuite> <!-- Unifyed.Unifyed_Engage.Category_Test -->
