<?xml version="1.0" encoding="UTF-8"?>
<!-- Generated by org.testng.reporters.JUnitReportReporter -->
<testsuite hostname="DESKTOP-HS107DD" failures="0" tests="3" name="Unifyed.Unifyed_Engage.Category_Test" time="65.186" errors="0" timestamp="2025-04-07T11:20:44 IST" skipped="0">
  <testcase classname="Unifyed.Unifyed_Engage.Category_Test" name="categoryCreate" time="42.423"/>
  <testcase classname="Unifyed.Unifyed_Engage.Category_Test" name="categoryEdit" time="17.749"/>
  <testcase classname="Unifyed.Unifyed_Engage.Category_Test" name="categoryDelete" time="5.014"/>
</testsuite> <!-- Unifyed.Unifyed_Engage.Category_Test -->
