<?xml version="1.0" encoding="UTF-8"?>
<!-- Generated by org.testng.reporters.JUnitReportReporter -->
<testsuite hostname="Laptop-2991" failures="0" tests="1" name="Unifyed.Unifyed_Engage.LoginLogoutTest" time="48.578" errors="0" timestamp="2025-03-20T19:51:05 IST" skipped="0">
  <testcase classname="Unifyed.Unifyed_Engage.LoginLogoutTest" name="LoginLogoutMethod" time="48.578"/>
</testsuite> <!-- Unifyed.Unifyed_Engage.LoginLogoutTest -->
