<?xml version="1.0" encoding="UTF-8"?>
<!-- Generated by org.testng.reporters.JUnitReportReporter -->
<testsuite hostname="DESKTOP-0MV577G" failures="0" tests="3" name="Unifyed.Unifyed_Engage.Category_Test" time="88.463" errors="0" timestamp="2025-04-19T13:40:31 IST" skipped="0">
  <testcase classname="Unifyed.Unifyed_Engage.Category_Test" name="categoryCreate" time="65.508"/>
  <testcase classname="Unifyed.Unifyed_Engage.Category_Test" name="categoryEdit" time="17.986"/>
  <testcase classname="Unifyed.Unifyed_Engage.Category_Test" name="categoryDelete" time="4.969"/>
</testsuite> <!-- Unifyed.Unifyed_Engage.Category_Test -->
