<?xml version="1.0" encoding="UTF-8"?>
<!-- Generated by org.testng.reporters.JUnitReportReporter -->
<testsuite hostname="Laptop-2991" failures="0" tests="1" name="Cucumber.CucumberTestNGRunner" time="36.954" errors="0" timestamp="2023-10-20T07:49:31 EDT" skipped="0">
  <testcase classname="Cucumber.CucumberTestNGRunner" name="runScenario" time="36.954"/>
  <system-out/>
</testsuite> <!-- Cucumber.CucumberTestNGRunner -->
