<?xml version="1.0" encoding="UTF-8"?>
<!-- Generated by org.testng.reporters.JUnitReportReporter -->
<testsuite hostname="Laptop-2991" failures="0" tests="1" name="Unifyed.Unifyed_Engage.LoginLogoutTest" time="43.522" errors="0" timestamp="2025-03-05T18:52:44 IST" skipped="0">
  <testcase classname="Unifyed.Unifyed_Engage.LoginLogoutTest" name="LoginLogoutMethod" time="43.522"/>
  <system-out/>
</testsuite> <!-- Unifyed.Unifyed_Engage.LoginLogoutTest -->
