<?xml version="1.0" encoding="UTF-8"?>
<!-- Generated by org.testng.reporters.JUnitReportReporter -->
<testsuite hostname="Laptop-2991" failures="0" tests="3" name="Unifyed.Unifyed_Engage.Category_Test" time="68.388" errors="0" timestamp="2025-03-06T15:36:50 IST" skipped="0">
  <testcase classname="Unifyed.Unifyed_Engage.Category_Test" name="categoryCreate" time="46.087"/>
  <system-out/>
  <testcase classname="Unifyed.Unifyed_Engage.Category_Test" name="categoryEdit" time="17.559"/>
  <system-out/>
  <testcase classname="Unifyed.Unifyed_Engage.Category_Test" name="categoryDelete" time="4.742"/>
  <system-out/>
</testsuite> <!-- Unifyed.Unifyed_Engage.Category_Test -->
