<?xml version="1.0" encoding="UTF-8"?>
<!-- Generated by org.testng.reporters.JUnitReportReporter -->
<testsuite hostname="Laptop-2991" failures="0" tests="1" name="Unifyed.Unifyed_Engage.LoginLogoutTest" time="49.778" errors="0" timestamp="2023-10-30T06:22:44 EDT" skipped="0">
  <testcase classname="Unifyed.Unifyed_Engage.LoginLogoutTest" name="LoginLogoutMethod" time="49.778"/>
  <system-out/>
</testsuite> <!-- Unifyed.Unifyed_Engage.LoginLogoutTest -->
