<?xml version="1.0" encoding="UTF-8"?>
<!-- Generated by org.testng.reporters.JUnitReportReporter -->
<testsuite hostname="Laptop-2991" failures="0" tests="1" name="Cucumber.CucumberTestNGRunner" time="66.598" errors="0" timestamp="2025-03-07T14:32:44 IST" skipped="0">
  <testcase classname="Cucumber.CucumberTestNGRunner" name="runScenario" time="66.598"/>
  <system-out/>
</testsuite> <!-- Cucumber.CucumberTestNGRunner -->
